[2026-02-19T10:47:47.970Z] [INFO] [Origen: /a]: Cambiando de pagina a /catalogues 
[2026-02-19T10:47:49.406Z] [INFO] [Origen: /catalogues]: Cambiando de pagina a /motos 
[2026-02-19T10:56:07.263Z] [INFO] [Origen: /motos]: Cambiando de pagina a /detallesMotos/kymco-people-s-125-2019-km0-1373798 
[2026-02-19T10:56:13.174Z] [INFO] [Origen: /detallesMotos/kymco-people-s-125-2019-km0-1373798]: Cambiando de pagina a /catalogues 
[2026-02-19T10:56:14.125Z] [INFO] [Origen: /catalogues]: Cambiando de pagina a /products 
[2026-02-19T10:56:15.044Z] [INFO] [Origen: /products]: Cambiando de pagina a /detallesProductos/protector-deposito-oxford-sheer-arrow-pl-ox542 
[2026-02-19T10:57:31.662Z] [INFO] [Origen: /detallesProductos/protector-deposito-oxford-sheer-arrow-pl-ox542]: Cambiando de pagina a /catalogues 
[2026-02-19T10:57:32.583Z] [INFO] [Origen: /catalogues]: Cambiando de pagina a /motos 
[2026-02-19T10:57:33.086Z] [INFO] [Origen: /motos]: Cambiando de pagina a /detallesMotos/kymco-people-s-125-2019-km0-1373798 
[2026-02-19T11:00:42.124Z] [INFO] [Origen: /detallesMotos/kymco-people-s-125-2019-km0-1373798]: Cambiando de pagina a / 
[2026-02-19T11:00:42.166Z] [INFO] [Origen: /]: Usuario Invitado accedió a la página de El Motorista 
[2026-02-19T11:00:42.174Z] [INFO] [Origen: /]: Usuario Invitado accedió a la página de El Motorista 
[2026-02-19T11:12:13.197Z] [INFO] [Origen: /]: Usuario invitado ha cambiado el idioma a en 
[2026-02-19T11:12:13.203Z] [INFO] [Origen: /]: Usuario Invitado accedió a la página de El Motorista 
[2026-02-19T11:12:13.207Z] [INFO] [Origen: /]: Usuario Invitado accedió a la página de El Motorista 
[2026-02-19T11:12:15.804Z] [INFO] [Origen: /]: Cambiando de pagina a /catalogues 
[2026-02-19T11:12:18.852Z] [INFO] [Origen: /catalogues]: Usuario invitado ha cambiado el idioma a es 
[2026-02-19T11:12:20.508Z] [INFO] [Origen: /catalogues]: Cambiando de pagina a /catalogues 
[2026-02-19T11:20:49.999Z] [INFO] [Origen: /catalogues]: Cambiando de pagina a / 
[2026-02-19T11:20:50.076Z] [INFO] [Origen: /]: Usuario Invitado accedió a la página de Lola Moto 
[2026-02-19T11:20:50.079Z] [INFO] [Origen: /]: Usuario Invitado accedió a la página de Lola Moto 
[2026-02-19T11:20:55.689Z] [INFO] [Origen: /]: Cambiando de pagina a /catalogues 
[2026-02-19T11:20:58.297Z] [INFO] [Origen: /catalogues]: Cambiando de pagina a / 
[2026-02-19T11:20:58.304Z] [INFO] [Origen: /]: Usuario Invitado accedió a la página de Lola Moto 
[2026-02-19T11:20:58.308Z] [INFO] [Origen: /]: Usuario Invitado accedió a la página de Lola Moto 
[2026-02-19T11:21:05.411Z] [INFO] [Origen: /]: Usuario Invitado accedió a la página de El Motorista 
[2026-02-19T11:21:05.416Z] [INFO] [Origen: /]: Usuario Invitado accedió a la página de El Motorista 
[2026-02-19T11:29:08.577Z] [INFO] [Origen: /]: Cambiando de pagina a / 
[2026-02-19T11:29:08.584Z] [INFO] [Origen: /]: Usuario Invitado accedió a la página de El Motorista 
[2026-02-19T11:29:08.589Z] [INFO] [Origen: /]: Usuario Invitado accedió a la página de El Motorista 
[2026-02-19T11:29:09.633Z] [INFO] [Origen: /]: Cambiando de pagina a / 
[2026-02-19T11:29:09.640Z] [INFO] [Origen: /]: Usuario Invitado accedió a la página de El Motorista 
[2026-02-19T11:29:09.643Z] [INFO] [Origen: /]: Usuario Invitado accedió a la página de El Motorista 
[2026-02-19T11:32:33.432Z] [INFO] [Origen: /]: Usuario Invitado accedió a la página de El Motorista 
[2026-02-19T11:32:33.435Z] [INFO] [Origen: /]: Usuario Invitado accedió a la página de El Motorista 
[2026-02-19T11:32:40.506Z] [INFO] [Origen: /]: Usuario Invitado accedió a la página de El Motorista 
[2026-02-19T11:32:40.509Z] [INFO] [Origen: /]: Usuario Invitado incrementó el contador a 1 
[2026-02-19T11:32:40.512Z] [INFO] [Origen: /]: Usuario Invitado accedió a la página de El Motorista 
[2026-02-19T11:32:41.418Z] [INFO] [Origen: /]: Usuario Invitado redujo el contador a 0 
[2026-02-19T11:32:41.420Z] [INFO] [Origen: /]: Usuario Invitado accedió a la página de El Motorista 
[2026-02-19T11:32:41.423Z] [INFO] [Origen: /]: Usuario Invitado accedió a la página de El Motorista 
[2026-02-19T11:32:42.059Z] [INFO] [Origen: /]: Usuario Invitado accedió a la página de El Motorista 
[2026-02-19T11:32:42.061Z] [INFO] [Origen: /]: Usuario Invitado accedió a la página de El Motorista 
[2026-02-19T11:32:42.063Z] [INFO] [Origen: /]: Usuario Invitado programó un incremento del contador en 0 ms 
[2026-02-19T11:32:42.069Z] [INFO] [Origen: /]: Usuario Invitado incrementó el contador a 1 
[2026-02-19T11:32:42.072Z] [INFO] [Origen: /]: Usuario Invitado accedió a la página de El Motorista 
[2026-02-19T11:32:42.074Z] [INFO] [Origen: /]: Usuario Invitado accedió a la página de El Motorista 
[2026-02-19T11:32:42.528Z] [INFO] [Origen: /]: Usuario Invitado incrementó el contador a 2 
[2026-02-19T11:32:42.530Z] [INFO] [Origen: /]: Usuario Invitado accedió a la página de El Motorista 
[2026-02-19T11:32:42.533Z] [INFO] [Origen: /]: Usuario Invitado accedió a la página de El Motorista 
[2026-02-19T11:32:43.505Z] [INFO] [Origen: /]: Usuario Invitado programó un incremento del contador en 1177.317575695751 ms 
[2026-02-19T11:32:43.507Z] [INFO] [Origen: /]: Usuario Invitado accedió a la página de El Motorista 
[2026-02-19T11:32:43.509Z] [INFO] [Origen: /]: Usuario Invitado accedió a la página de El Motorista 
[2026-02-19T11:32:44.265Z] [INFO] [Origen: /]: Usuario Invitado accedió a la página de El Motorista 
[2026-02-19T11:32:44.267Z] [INFO] [Origen: /]: Usuario Invitado incrementó el contador a 3 
[2026-02-19T11:32:44.270Z] [INFO] [Origen: /]: Usuario Invitado accedió a la página de El Motorista 
[2026-02-19T11:32:44.697Z] [INFO] [Origen: /]: Usuario Invitado incrementó el contador a 3 
[2026-02-19T11:32:44.699Z] [INFO] [Origen: /]: Usuario Invitado accedió a la página de El Motorista 
[2026-02-19T11:32:44.702Z] [INFO] [Origen: /]: Usuario Invitado accedió a la página de El Motorista 
[2026-02-19T11:32:45.745Z] [INFO] [Origen: /]: Usuario Invitado accedió a la página de El Motorista 
[2026-02-19T11:32:45.748Z] [INFO] [Origen: /]: Usuario Invitado programó un incremento del contador en 1266.049429938826 ms 
[2026-02-19T11:32:45.750Z] [INFO] [Origen: /]: Usuario Invitado accedió a la página de El Motorista 
[2026-02-19T11:32:46.104Z] [INFO] [Origen: /]: Usuario Invitado redujo el contador a 2 
[2026-02-19T11:32:46.107Z] [INFO] [Origen: /]: Usuario Invitado accedió a la página de El Motorista 
[2026-02-19T11:32:46.109Z] [INFO] [Origen: /]: Usuario Invitado accedió a la página de El Motorista 
[2026-02-19T11:32:47.021Z] [INFO] [Origen: /]: Usuario Invitado accedió a la página de El Motorista 
[2026-02-19T11:32:47.023Z] [INFO] [Origen: /]: Usuario Invitado incrementó el contador a 4 
[2026-02-19T11:32:47.026Z] [INFO] [Origen: /]: Usuario Invitado accedió a la página de El Motorista 
[2026-02-19T11:40:40.123Z] [INFO] [Origen: /]: Usuario Invitado accedió a la página de El Motorista 
[2026-02-19T11:40:40.129Z] [INFO] [Origen: /]: Usuario Invitado accedió a la página de El Motorista 
[2026-02-19T12:13:39.473Z] [INFO] [Origen: /]: Cambiando de pagina a / 
[2026-02-19T12:13:39.481Z] [INFO] [Origen: /]: Usuario Invitado accedió a la página de El Motorista 
[2026-02-19T12:13:39.491Z] [INFO] [Origen: /]: Usuario Invitado accedió a la página de El Motorista 
[2026-02-19T12:13:40.569Z] [INFO] [Origen: /]: Cambiando de pagina a / 
[2026-02-19T12:13:40.574Z] [INFO] [Origen: /]: Usuario Invitado accedió a la página de El Motorista 
[2026-02-19T12:13:40.578Z] [INFO] [Origen: /]: Usuario Invitado accedió a la página de El Motorista 
[2026-02-19T12:13:40.584Z] [INFO] [Origen: /]: Usuario Invitado accedió a la página de El Motorista 
[2026-02-19T12:13:40.586Z] [INFO] [Origen: /]: Usuario Invitado accedió a la página de El Motorista 
[2026-02-19T12:13:40.594Z] [INFO] [Origen: /]: Usuario Invitado accedió a la página de El Motorista 
[2026-02-19T12:13:40.597Z] [INFO] [Origen: /]: Usuario Invitado accedió a la página de El Motorista 
[2026-02-19T12:14:13.440Z] [INFO] [Origen: /]: Usuario Invitado accedió a la página de El Motorista 
[2026-02-19T12:14:13.442Z] [INFO] [Origen: /]: Usuario Invitado accedió a la página de El Motorista 
[2026-02-19T12:14:25.345Z] [INFO] [Origen: /]: Cambiando de pagina a / 
[2026-02-19T12:14:25.353Z] [INFO] [Origen: /]: Usuario Invitado accedió a la página de El Motorista 
[2026-02-19T12:14:25.356Z] [INFO] [Origen: /]: Usuario Invitado accedió a la página de El Motorista 
[2026-02-19T12:36:10.093Z] [INFO] [Origen: /]: Cambiando de pagina a / 
[2026-02-19T12:36:11.574Z] [INFO] [Origen: /]: Cambiando de pagina a / 
[2026-02-19T12:36:14.549Z] [INFO] [Origen: /]: Cambiando de pagina a / 
[2026-02-19T12:37:30.266Z] [INFO] [Origen: /]: Cambiando de pagina a /catalogues 
[2026-02-19T12:42:25.286Z] [INFO] [Origen: /products]: Cambiando de pagina a / 
[2026-02-19T12:42:26.068Z] [INFO] [Origen: /]: Cambiando de pagina a /catalogues 
[2026-02-19T12:42:28.134Z] [INFO] [Origen: /catalogues]: Cambiando de pagina a /catalogues 
[2026-02-19T12:42:28.733Z] [INFO] [Origen: /catalogues]: Cambiando de pagina a /catalogues 
[2026-02-19T12:42:28.883Z] [INFO] [Origen: /catalogues]: Cambiando de pagina a /catalogues 
[2026-02-19T12:42:29.052Z] [INFO] [Origen: /catalogues]: Cambiando de pagina a /catalogues 
[2026-02-19T12:42:29.187Z] [INFO] [Origen: /catalogues]: Cambiando de pagina a /catalogues 
[2026-02-19T12:42:29.356Z] [INFO] [Origen: /catalogues]: Cambiando de pagina a /catalogues 
[2026-02-19T12:42:36.119Z] [INFO] [Origen: /products]: Cambiando de pagina a /detallesProductos/protector-deposito-oxford-sheer-arrow-pl-ox542 
[2026-02-19T12:46:24.398Z] [INFO] [Origen: /detallesProductos/protector-deposito-oxford-sheer-arrow-pl-ox542]: Cambiando de pagina a /detallesProductos/protector-deposito-oxford-sheer-arrow-pl-ox542 
[2026-02-19T12:46:50.227Z] [INFO] [Origen: /detallesProductos/protector-deposito-oxford-sheer-arrow-pl-ox542]: Cambiando de pagina a / 
[2026-02-19T12:56:05.462Z] [INFO] [Origen: /]: Usuario Invitado accedió a la página de LolaMoto 
[2026-02-19T12:56:05.465Z] [INFO] [Origen: /]: Usuario Invitado accedió a la página de LolaMoto 
[2026-02-19T12:56:09.209Z] [INFO] [Origen: /]: Cambiando de pagina a /catalogues 
[2026-02-19T12:56:10.988Z] [INFO] [Origen: /catalogues]: Cambiando de pagina a /login 
[2026-02-19T12:56:11.845Z] [INFO] [Origen: /login]: Cambiando de pagina a /catalogues 
[2026-02-19T12:56:12.566Z] [INFO] [Origen: /catalogues]: Cambiando de pagina a / 
[2026-02-19T12:56:12.575Z] [INFO] [Origen: /]: Usuario Invitado accedió a la página de LolaMoto 
[2026-02-19T12:56:12.578Z] [INFO] [Origen: /]: Usuario Invitado accedió a la página de LolaMoto 
[2026-02-19T12:56:39.960Z] [INFO] [Origen: /]: Cambiando de pagina a / 
[2026-02-19T12:56:52.713Z] [INFO] [Origen: /]: Usuario Invitado accedió a la página de ElMotorista 
[2026-02-19T12:56:52.716Z] [INFO] [Origen: /]: Usuario Invitado accedió a la página de ElMotorista 
[2026-02-19T12:57:04.755Z] [INFO] [Origen: /]: Cambiando de pagina a /catalogues 
[2026-02-19T12:57:06.065Z] [INFO] [Origen: /catalogues]: Cambiando de pagina a / 
[2026-02-19T12:57:06.072Z] [INFO] [Origen: /]: Usuario Invitado accedió a la página de ElMotorista 
[2026-02-19T12:57:06.078Z] [INFO] [Origen: /]: Usuario Invitado accedió a la página de ElMotorista 
[2026-02-19T12:57:14.602Z] [INFO] [Origen: /]: Usuario Invitado accedió a la página de LolaMoto 
[2026-02-19T12:57:16.492Z] [INFO] [Origen: /]: Cambiando de pagina a /catalogues 
[2026-02-19T12:57:17.745Z] [INFO] [Origen: /catalogues]: Cambiando de pagina a /login 
[2026-02-19T12:57:18.546Z] [INFO] [Origen: /login]: Cambiando de pagina a / 
[2026-02-19T12:57:18.552Z] [INFO] [Origen: /]: Usuario Invitado accedió a la página de LolaMoto 
[2026-02-19T12:57:18.559Z] [INFO] [Origen: /]: Usuario Invitado accedió a la página de LolaMoto 
[2026-02-19T12:57:19.201Z] [INFO] [Origen: /]: Usuario invitado ha cambiado el idioma a es 
[2026-02-19T12:57:20.258Z] [INFO] [Origen: /]: Usuario invitado ha cambiado el idioma a en 
[2026-02-19T12:57:21.275Z] [INFO] [Origen: /]: Usuario invitado ha cambiado el idioma a es 
[2026-02-19T12:58:48.402Z] [INFO] [Origen: /]: Cambiando de pagina a / 
[2026-02-19T12:58:49.683Z] [INFO] [Origen: /]: Cambiando de pagina a /catalogues 
[2026-02-19T12:58:52.706Z] [INFO] [Origen: /catalogues]: Cambiando de pagina a / 
[2026-02-19T12:58:52.732Z] [INFO] [Origen: /]: Usuario Invitado accedió a la página de LolaMoto 
[2026-02-19T12:58:52.740Z] [INFO] [Origen: /]: Usuario Invitado accedió a la página de LolaMoto 
[2026-02-19T12:59:45.323Z] [INFO] [Origen: /]: Usuario Invitado accedió a la página de ElMotorista 
[2026-02-19T13:05:42.001Z] [INFO] [Origen: /]: Cambiando de pagina a / 
[2026-02-19T13:05:56.189Z] [INFO] [Origen: /]: Cambiando de pagina a / 
[2026-02-19T13:06:18.856Z] [INFO] [Origen: /]: Cambiando de pagina a / 
[2026-02-19T13:06:50.869Z] [INFO] [Origen: /]: Cambiando de pagina a / 
[2026-02-19T13:07:21.866Z] [INFO] [Origen: /]: Cambiando de pagina a /catalogues 
[2026-02-19T13:07:23.185Z] [INFO] [Origen: /catalogues]: Cambiando de pagina a /login 
[2026-02-19T13:07:23.826Z] [INFO] [Origen: /login]: Cambiando de pagina a /catalogues 
[2026-02-19T13:08:08.810Z] [INFO] [Origen: /catalogues]: Cambiando de pagina a /catalogues 
[2026-02-19T13:08:09.986Z] [INFO] [Origen: /catalogues]: Cambiando de pagina a / 
[2026-02-19T13:08:09.995Z] [INFO] [Origen: /]: Usuario Invitado accedió a la página de ElMotorista 
[2026-02-19T13:08:09.998Z] [INFO] [Origen: /]: Usuario Invitado accedió a la página de ElMotorista 
[2026-02-19T13:08:11.194Z] [INFO] [Origen: /]: Cambiando de pagina a /login 
[2026-02-19T13:08:24.512Z] [INFO] [Origen: /login]: Cambiando de pagina a / 
[2026-02-19T13:08:24.539Z] [INFO] [Origen: /]: Usuario Invitado accedió a la página de LolaMoto 
[2026-02-19T13:08:24.549Z] [INFO] [Origen: /]: Usuario Invitado accedió a la página de LolaMoto 
[2026-02-19T13:08:27.706Z] [INFO] [Origen: /]: Cambiando de pagina a /catalogues 
[2026-02-19T13:08:29.265Z] [INFO] [Origen: /catalogues]: Cambiando de pagina a / 
[2026-02-19T13:08:29.285Z] [INFO] [Origen: /]: Usuario Invitado accedió a la página de LolaMoto 
[2026-02-19T13:08:29.295Z] [INFO] [Origen: /]: Usuario Invitado accedió a la página de LolaMoto 
[2026-02-19T13:08:31.262Z] [INFO] [Origen: /]: Usuario Invitado accedió a la página de ElMotorista 
[2026-02-19T13:27:52.135Z] [INFO] [Origen: /]: Usuario Invitado accedió a la página de ElMotorista 
[2026-02-19T13:27:52.140Z] [INFO] [Origen: /]: Usuario Invitado accedió a la página de ElMotorista 
[2026-02-19T13:45:45.852Z] [INFO] [Origen: /]: Usuario Invitado accedió a la página de ElMotorista 
[2026-02-19T13:45:45.855Z] [INFO] [Origen: /]: Usuario Invitado accedió a la página de ElMotorista 
[2026-02-19T13:47:52.364Z] [INFO] [Origen: /]: Usuario Invitado accedió a la página de ElMotorista 
[2026-02-19T13:47:52.370Z] [INFO] [Origen: /]: Usuario Invitado accedió a la página de ElMotorista 
[2026-02-19T13:48:10.451Z] [INFO] [Origen: /]: Usuario Invitado accedió a la página de Intermoto 
[2026-02-19T13:48:17.560Z] [INFO] [Origen: /]: Usuario Invitado accedió a la página de Intermoto 
[2026-02-19T13:48:17.564Z] [INFO] [Origen: /]: Usuario Invitado accedió a la página de Intermoto 
[2026-02-19T13:49:05.512Z] [INFO] [Origen: /]: Usuario Invitado accedió a la página de El 
[2026-02-19T13:49:08.944Z] [INFO] [Origen: /]: Usuario Invitado accedió a la página de ElMotorista 
[2026-02-19T13:49:24.686Z] [INFO] [Origen: /]: Usuario Invitado accedió a la página de ElMotorista 
[2026-02-19T13:49:24.691Z] [INFO] [Origen: /]: Usuario Invitado accedió a la página de ElMotorista 
[2026-02-19T13:50:06.027Z] [INFO] [Origen: /]: Cambiando de pagina a /catalogues 
[2026-02-19T13:50:14.628Z] [INFO] [Origen: /catalogues]: Cambiando de pagina a /login 
[2026-02-19T13:50:16.464Z] [INFO] [Origen: /login]: Cambiando de pagina a / 
[2026-02-19T13:50:16.548Z] [INFO] [Origen: /]: Usuario Invitado accedió a la página de ElMotorista 
[2026-02-19T13:50:16.564Z] [INFO] [Origen: /]: Usuario Invitado accedió a la página de ElMotorista 
[2026-02-19T13:50:17.847Z] [INFO] [Origen: /]: Cambiando de pagina a /catalogues 
[2026-02-19T13:51:05.080Z] [INFO] [Origen: /catalogues]: Cambiando de pagina a / 
[2026-02-19T13:51:05.218Z] [INFO] [Origen: /]: Usuario Invitado accedió a la página de El Motorista 
[2026-02-19T13:51:05.223Z] [INFO] [Origen: /]: Usuario Invitado accedió a la página de El Motorista 
[2026-02-19T13:51:05.918Z] [INFO] [Origen: /]: Cambiando de pagina a /catalogues 
[2026-02-19T13:51:06.541Z] [INFO] [Origen: /catalogues]: Cambiando de pagina a /login 
[2026-02-19T13:51:07.679Z] [INFO] [Origen: /login]: Cambiando de pagina a / 
[2026-02-19T13:51:07.691Z] [INFO] [Origen: /]: Usuario Invitado accedió a la página de El Motorista 
[2026-02-19T13:51:07.700Z] [INFO] [Origen: /]: Usuario Invitado accedió a la página de El Motorista 
[2026-02-19T13:51:40.145Z] [INFO] [Origen: /]: Cambiando de pagina a /catalogues 
[2026-02-19T13:51:43.654Z] [INFO] [Origen: /catalogues]: Cambiando de pagina a /login 
[2026-02-19T13:51:44.727Z] [INFO] [Origen: /login]: Cambiando de pagina a / 
[2026-02-19T13:51:44.766Z] [INFO] [Origen: /]: Usuario Invitado accedió a la página de El Motorista 
[2026-02-19T13:51:44.768Z] [INFO] [Origen: /]: Usuario Invitado accedió a la página de El Motorista 
[2026-02-19T13:58:15.918Z] [INFO] [Origen: /]: Cambiando de pagina a /catalogues 
[2026-02-19T14:00:40.583Z] [INFO] [Origen: /catalogues]: Cambiando de pagina a / 
[2026-02-19T14:00:40.683Z] [INFO] [Origen: /]: Usuario Invitado accedió a la página de El Motorista 
[2026-02-19T14:00:40.692Z] [INFO] [Origen: /]: Usuario Invitado accedió a la página de El Motorista 
[2026-02-19T14:00:43.414Z] [INFO] [Origen: /]: Usuario Invitado accedió a la página de El Motorista 
[2026-02-19T14:00:43.426Z] [INFO] [Origen: /]: Usuario Invitado accedió a la página de El Motorista 
[2026-02-19T14:02:07.721Z] [INFO] [Origen: /]: Usuario Invitado accedió a la página de Lolamoto 
[2026-02-19T14:02:10.247Z] [INFO] [Origen: /]: Usuario Invitado accedió a la página de Lolamoto 
[2026-02-19T14:02:10.259Z] [INFO] [Origen: /]: Usuario Invitado accedió a la página de Lolamoto 
[2026-02-19T14:02:15.629Z] [INFO] [Origen: /]: Usuario Invitado accedió a la página de LolaMoto 
[2026-02-19T14:02:18.598Z] [INFO] [Origen: /]: Usuario Invitado accedió a la página de LolaMoto 
[2026-02-19T14:02:18.607Z] [INFO] [Origen: /]: Usuario Invitado accedió a la página de LolaMoto 
[2026-02-19T14:02:33.337Z] [INFO] [Origen: /]: Cambiando de pagina a /catalogues 
