[2026-02-20T08:49:20.174Z] [INFO] [Origen: /]: Cambiando de pagina a /detallesMotos/kymco-people-s-125-2019-km0-1373798 
[2026-02-20T09:10:09.890Z] [INFO] [Origen: /detallesMotos/kymco-people-s-125-2019-km0-1373798]: Cambiando de pagina a / 
[2026-02-20T09:10:09.933Z] [INFO] [Origen: /]: Usuario Invitado accedió a la página de LolaMoto 
[2026-02-20T09:10:09.949Z] [INFO] [Origen: /]: Usuario Invitado accedió a la página de LolaMoto 
[2026-02-20T09:10:13.528Z] [INFO] [Origen: /]: Cambiando de pagina a /detallesMotos/kymco-people-s-125-2019-km0-1373798 
[2026-02-20T09:34:32.926Z] [INFO] [Origen: /detallesMotos/kymco-people-s-125-2019-km0-1373798]: Cambiando de pagina a / 
[2026-02-20T09:34:33.143Z] [INFO] [Origen: /]: Usuario Invitado accedió a la página de LolaMoto 
[2026-02-20T09:34:33.159Z] [INFO] [Origen: /]: Usuario Invitado accedió a la página de LolaMoto 
[2026-02-20T09:45:07.484Z] [INFO] [Origen: /]: Usuario Invitado accedió a la página de LolaMoto 
[2026-02-20T09:45:07.495Z] [INFO] [Origen: /]: Usuario Invitado accedió a la página de LolaMoto 
[2026-02-20T09:45:35.031Z] [INFO] [Origen: /]: Usuario Invitado accedió a la página de LolaMoto 
[2026-02-20T09:45:35.052Z] [INFO] [Origen: /]: Usuario Invitado accedió a la página de LolaMoto 
[2026-02-20T09:45:49.481Z] [INFO] [Origen: /]: Usuario Invitado accedió a la página de LolaMoto 
[2026-02-20T09:45:49.485Z] [INFO] [Origen: /]: Usuario Invitado accedió a la página de LolaMoto 
[2026-02-20T09:47:53.463Z] [INFO] [Origen: /]: Usuario Invitado accedió a la página de LolaMoto 
[2026-02-20T09:47:53.480Z] [INFO] [Origen: /]: Usuario Invitado accedió a la página de LolaMoto 
[2026-02-20T09:48:53.400Z] [INFO] [Origen: /]: Usuario Invitado accedió a la página de LolaMoto 
[2026-02-20T09:48:53.416Z] [INFO] [Origen: /]: Usuario Invitado accedió a la página de LolaMoto 
[2026-02-20T09:49:06.617Z] [INFO] [Origen: /]: Usuario Invitado accedió a la página de LolaMoto 
[2026-02-20T09:49:06.657Z] [INFO] [Origen: /]: Usuario Invitado accedió a la página de LolaMoto 
[2026-02-20T09:49:07.615Z] [INFO] [Origen: /]: Usuario Invitado accedió a la página de LolaMoto 
[2026-02-20T09:49:07.633Z] [INFO] [Origen: /]: Usuario Invitado accedió a la página de LolaMoto 
[2026-02-20T09:50:05.953Z] [INFO] [Origen: /]: Usuario Invitado accedió a la página de LolaMoto 
[2026-02-20T09:50:05.964Z] [INFO] [Origen: /]: Usuario Invitado accedió a la página de LolaMoto 
[2026-02-20T09:52:28.331Z] [INFO] [Origen: /]: Usuario Invitado accedió a la página de LolaMoto 
[2026-02-20T09:52:28.338Z] [INFO] [Origen: /]: Usuario Invitado accedió a la página de LolaMoto 
[2026-02-20T09:52:34.949Z] [INFO] [Origen: /]: Usuario Invitado accedió a la página de LolaMoto 
[2026-02-20T09:52:34.960Z] [INFO] [Origen: /]: Usuario Invitado accedió a la página de LolaMoto 
[2026-02-20T10:04:20.844Z] [INFO] [Origen: /]: Usuario Invitado accedió a la página de LolaMoto 
[2026-02-20T10:04:20.857Z] [INFO] [Origen: /]: Usuario Invitado accedió a la página de LolaMoto 
[2026-02-20T10:04:26.955Z] [INFO] [Origen: /]: Usuario Invitado accedió a la página de LolaMoto 
[2026-02-20T10:04:26.965Z] [INFO] [Origen: /]: Usuario Invitado accedió a la página de LolaMoto 
[2026-02-20T10:04:37.228Z] [INFO] [Origen: /]: Usuario Invitado accedió a la página de ElMotorita 
[2026-02-20T10:04:38.721Z] [INFO] [Origen: /]: Usuario Invitado accedió a la página de ElMotorista 
[2026-02-20T10:04:47.548Z] [INFO] [Origen: /]: Usuario Invitado accedió a la página de InterMoto 
[2026-02-20T10:04:50.887Z] [INFO] [Origen: /]: Usuario Invitado accedió a la página de Intermoto 
[2026-02-20T10:05:02.432Z] [INFO] [Origen: /]: Usuario Invitado accedió a la página de Intermoto 
[2026-02-20T10:05:02.442Z] [INFO] [Origen: /]: Usuario Invitado accedió a la página de Intermoto 
[2026-02-20T10:08:52.733Z] [INFO] [Origen: /]: Usuario Invitado accedió a la página de Intermoto 
[2026-02-20T10:08:52.743Z] [INFO] [Origen: /]: Usuario Invitado accedió a la página de Intermoto 
[2026-02-20T10:09:03.718Z] [INFO] [Origen: /]: Usuario Invitado accedió a la página de Intermoto 
[2026-02-20T10:09:03.723Z] [INFO] [Origen: /]: Usuario Invitado accedió a la página de Intermoto 
[2026-02-20T10:22:28.971Z] [INFO] [Origen: /]: Usuario Invitado accedió a la página de ElMotorista 
[2026-02-20T10:22:28.976Z] [INFO] [Origen: /]: Usuario Invitado accedió a la página de ElMotorista 
[2026-02-20T10:22:40.455Z] [INFO] [Origen: /]: Usuario Invitado accedió a la página de ElMotorista 
[2026-02-20T10:22:40.458Z] [INFO] [Origen: /]: Usuario Invitado accedió a la página de ElMotorista 
[2026-02-20T10:22:55.780Z] [INFO] [Origen: /]: Usuario Invitado accedió a la página de ElMotorista 
[2026-02-20T10:22:55.785Z] [INFO] [Origen: /]: Usuario Invitado accedió a la página de ElMotorista 
[2026-02-20T10:23:12.415Z] [INFO] [Origen: /]: Usuario Invitado accedió a la página de ElMotorista 
[2026-02-20T10:23:12.419Z] [INFO] [Origen: /]: Usuario Invitado accedió a la página de ElMotorista 
[2026-02-20T10:23:21.276Z] [INFO] [Origen: /catalogues]: Cambiando de pagina a /products 
